INFO: [VRFC 10-2263] Analyzing Verilog file "X:/timar/413lab7/413lab7.srcs/sources_1/ALU.v" into library xil_defaultlib
INFO: [VRFC 10-311] analyzing module ALU
WARNING: [VRFC 10-3380] identifier 'size' is used before its declaration [X:/timar/413lab7/413lab7.srcs/sources_1/ALU.v:4]
WARNING: [VRFC 10-3380] identifier 'size' is used before its declaration [X:/timar/413lab7/413lab7.srcs/sources_1/ALU.v:5]
WARNING: [VRFC 10-3380] identifier 'size' is used before its declaration [X:/timar/413lab7/413lab7.srcs/sources_1/ALU.v:7]
INFO: [VRFC 10-2263] Analyzing Verilog file "X:/timar/413lab7/413lab7.srcs/sources_1/ALU_control.v" into library xil_defaultlib
INFO: [VRFC 10-311] analyzing module ALU_control
INFO: [VRFC 10-2263] Analyzing Verilog file "X:/timar/413lab7/413lab7.srcs/sources_1/Adder.v" into library xil_defaultlib
INFO: [VRFC 10-311] analyzing module Adder
INFO: [VRFC 10-2263] Analyzing Verilog file "X:/timar/413lab7/413lab7.srcs/sources_1/InstrMem.v" into library xil_defaultlib
INFO: [VRFC 10-311] analyzing module InstrMem
INFO: [VRFC 10-2263] Analyzing Verilog file "X:/timar/413lab7/413lab7.srcs/sources_1/Memory.v" into library xil_defaultlib
INFO: [VRFC 10-311] analyzing module Memory
INFO: [VRFC 10-2263] Analyzing Verilog file "X:/timar/413lab7/413lab7.srcs/sources_1/PC.v" into library xil_defaultlib
INFO: [VRFC 10-311] analyzing module PC
INFO: [VRFC 10-2263] Analyzing Verilog file "X:/timar/413lab7/413lab7.srcs/sources_1/control.v" into library xil_defaultlib
INFO: [VRFC 10-311] analyzing module control
INFO: [VRFC 10-2263] Analyzing Verilog file "X:/timar/413lab7/413lab7.srcs/sources_1/cpu.v" into library xil_defaultlib
INFO: [VRFC 10-311] analyzing module cpu
INFO: [VRFC 10-2263] Analyzing Verilog file "X:/timar/413lab7/413lab7.srcs/sources_1/mux.v" into library xil_defaultlib
INFO: [VRFC 10-311] analyzing module mux
INFO: [VRFC 10-2263] Analyzing Verilog file "X:/timar/413lab7/413lab7.srcs/sources_1/nbit_register_file.v" into library xil_defaultlib
INFO: [VRFC 10-311] analyzing module nbit_register_file
INFO: [VRFC 10-2263] Analyzing Verilog file "X:/timar/413lab7/413lab7.srcs/sources_1/shift_left_2.v" into library xil_defaultlib
INFO: [VRFC 10-311] analyzing module shift_left_2
INFO: [VRFC 10-2263] Analyzing Verilog file "X:/timar/413lab7/413lab7.srcs/sources_1/sign_extend.v" into library xil_defaultlib
INFO: [VRFC 10-311] analyzing module sign_extend
INFO: [VRFC 10-2263] Analyzing Verilog file "X:/timar/413lab7/413lab7.srcs/sim_1/tb_cpu.v" into library xil_defaultlib
INFO: [VRFC 10-311] analyzing module tb_cpu
