Vivado Simulator v2024.1
Copyright 1986-2022 Xilinx, Inc. All Rights Reserved.
Copyright 2022-2024 Advanced Micro Devices, Inc. All Rights Reserved.
Running: C:/Xilinx/Vivado/2024.1/bin/unwrapped/win64.o/xelab.exe --incr --debug typical --relax --mt 2 -L xil_defaultlib -L unisims_ver -L unimacro_ver -L secureip --snapshot tb_cpu_behav xil_defaultlib.tb_cpu xil_defaultlib.glbl -log elaborate.log 
Using 2 slave threads.
Starting static elaboration
Pass Through NonSizing Optimizer
WARNING: [VRFC 10-3091] actual bit length 6 differs from formal bit length 32 for port 'in_0' [X:/Desktop/EC413/413lab7/413lab7.srcs/sources_1/cpu.v:66]
WARNING: [VRFC 10-3091] actual bit length 58 differs from formal bit length 32 for port 'in' [X:/Desktop/EC413/413lab7/413lab7.srcs/sources_1/cpu.v:86]
WARNING: [VRFC 10-8864] concatenation with an unsized literal will be treated as 32 bits [X:/Desktop/EC413/413lab7/413lab7.srcs/sources_1/cpu.v:86]
Completed static elaboration
Starting simulation data flow analysis
Completed simulation data flow analysis
Time Resolution for simulation is 1ps
Compiling module xil_defaultlib.InstrMem_default
Compiling module xil_defaultlib.control
Compiling module xil_defaultlib.mux(size=5)
Compiling module xil_defaultlib.nbit_register_file_default
Compiling module xil_defaultlib.sign_extend_default
Compiling module xil_defaultlib.mux
Compiling module xil_defaultlib.ALU_control
Compiling module xil_defaultlib.ALU
Compiling module xil_defaultlib.Memory_default
Compiling module xil_defaultlib.PC
Compiling module xil_defaultlib.Adder
Compiling module xil_defaultlib.shift_left_2
Compiling module xil_defaultlib.cpu
Compiling module xil_defaultlib.tb_cpu
Compiling module xil_defaultlib.glbl
Built simulation snapshot tb_cpu_behav
