Vivado Simulator v2024.1
Copyright 1986-2022 Xilinx, Inc. All Rights Reserved.
Copyright 2022-2024 Advanced Micro Devices, Inc. All Rights Reserved.
Running: C:/Xilinx/Vivado/2024.1/bin/unwrapped/win64.o/xelab.exe --incr --debug typical --relax --mt 2 -L xil_defaultlib -L unisims_ver -L unimacro_ver -L secureip --snapshot CPU_tb_behav xil_defaultlib.CPU_tb xil_defaultlib.glbl -log elaborate.log 
Using 2 slave threads.
Starting static elaboration
Pass Through NonSizing Optimizer
WARNING: [VRFC 10-3091] actual bit length 2 differs from formal bit length 3 for port 'BranchMux' [X:/timar/413lab8/413lab8.srcs/sources_1/imports/phu/CPU.v:148]
WARNING: [VRFC 10-3091] actual bit length 32 differs from formal bit length 5 for port 'in' [X:/timar/413lab8/413lab8.srcs/sources_1/imports/phu/CPU.v:182]
WARNING: [VRFC 10-3091] actual bit length 32 differs from formal bit length 5 for port 'in' [X:/timar/413lab8/413lab8.srcs/sources_1/imports/phu/CPU.v:183]
WARNING: [VRFC 10-3091] actual bit length 32 differs from formal bit length 5 for port 'in' [X:/timar/413lab8/413lab8.srcs/sources_1/imports/phu/CPU.v:184]
WARNING: [VRFC 10-3027] 'BranchMux' was previously declared with a different range [X:/timar/413lab8/413lab8.srcs/sources_1/imports/phu/pipecontrol.v:8]
WARNING: [VRFC 10-3027] 'ex' was previously declared with a different range [X:/timar/413lab8/413lab8.srcs/sources_1/imports/phu/stallmux.v:11]
Completed static elaboration
Starting simulation data flow analysis
WARNING: [XSIM 43-4099] "X:/timar/413lab8/413lab8.srcs/sources_1/imports/phu/CPU.v" Line 1. Module CPU doesn't have a timescale but at least one module in design has a timescale.
WARNING: [XSIM 43-4099] "X:/timar/413lab8/413lab8.srcs/sources_1/imports/phu/reg_32bit.v" Line 1. Module reg_32bit doesn't have a timescale but at least one module in design has a timescale.
WARNING: [XSIM 43-4099] "X:/timar/413lab8/413lab8.srcs/sources_1/imports/phu/memory2.v" Line 1. Module memory2 doesn't have a timescale but at least one module in design has a timescale.
WARNING: [XSIM 43-4099] "X:/timar/413lab8/413lab8.srcs/sources_1/imports/phu/mux2to1.v" Line 1. Module mux2to1 doesn't have a timescale but at least one module in design has a timescale.
WARNING: [XSIM 43-4099] "X:/timar/413lab8/413lab8.srcs/sources_1/imports/phu/load_in_counter.v" Line 1. Module load_in_counter doesn't have a timescale but at least one module in design has a timescale.
WARNING: [XSIM 43-4099] "X:/timar/413lab8/413lab8.srcs/sources_1/imports/phu/incrementer.v" Line 1. Module incrementer doesn't have a timescale but at least one module in design has a timescale.
WARNING: [XSIM 43-4099] "X:/timar/413lab8/413lab8.srcs/sources_1/imports/phu/mux3to1_32bit.v" Line 1. Module mux3to1_32bit doesn't have a timescale but at least one module in design has a timescale.
WARNING: [XSIM 43-4099] "X:/timar/413lab8/413lab8.srcs/sources_1/imports/phu/reg_32bit.v" Line 1. Module reg_32bit doesn't have a timescale but at least one module in design has a timescale.
WARNING: [XSIM 43-4099] "X:/timar/413lab8/413lab8.srcs/sources_1/imports/phu/reg_32bit.v" Line 1. Module reg_32bit doesn't have a timescale but at least one module in design has a timescale.
WARNING: [XSIM 43-4099] "X:/timar/413lab8/413lab8.srcs/sources_1/imports/phu/hazardunit.v" Line 1. Module hazardunit doesn't have a timescale but at least one module in design has a timescale.
WARNING: [XSIM 43-4099] "X:/timar/413lab8/413lab8.srcs/sources_1/imports/phu/pipecontrol.v" Line 1. Module pipecontrol doesn't have a timescale but at least one module in design has a timescale.
WARNING: [XSIM 43-4099] "X:/timar/413lab8/413lab8.srcs/sources_1/imports/phu/multiplycontrol.v" Line 1. Module multiplycontrol doesn't have a timescale but at least one module in design has a timescale.
WARNING: [XSIM 43-4099] "X:/timar/413lab8/413lab8.srcs/sources_1/imports/phu/stallmux.v" Line 1. Module stallmux doesn't have a timescale but at least one module in design has a timescale.
WARNING: [XSIM 43-4099] "X:/timar/413lab8/413lab8.srcs/sources_1/imports/phu/jumpadd.v" Line 1. Module jumpadd doesn't have a timescale but at least one module in design has a timescale.
WARNING: [XSIM 43-4099] "X:/timar/413lab8/413lab8.srcs/sources_1/imports/phu/mux2to1_1bit.v" Line 1. Module mux2to1_1bit doesn't have a timescale but at least one module in design has a timescale.
WARNING: [XSIM 43-4099] "X:/timar/413lab8/413lab8.srcs/sources_1/imports/phu/RegFile.v" Line 1. Module RegFile doesn't have a timescale but at least one module in design has a timescale.
WARNING: [XSIM 43-4099] "X:/timar/413lab8/413lab8.srcs/sources_1/imports/phu/signextend.v" Line 1. Module signextend doesn't have a timescale but at least one module in design has a timescale.
WARNING: [XSIM 43-4099] "X:/timar/413lab8/413lab8.srcs/sources_1/imports/phu/signextend26.v" Line 1. Module signextend26 doesn't have a timescale but at least one module in design has a timescale.
WARNING: [XSIM 43-4099] "X:/timar/413lab8/413lab8.srcs/sources_1/imports/phu/alucontrol.v" Line 1. Module alucontrol doesn't have a timescale but at least one module in design has a timescale.
WARNING: [XSIM 43-4099] "X:/timar/413lab8/413lab8.srcs/sources_1/imports/phu/reg_2bitne.v" Line 1. Module reg_2bitne doesn't have a timescale but at least one module in design has a timescale.
WARNING: [XSIM 43-4099] "X:/timar/413lab8/413lab8.srcs/sources_1/imports/phu/reg_2bitne.v" Line 1. Module reg_2bitne doesn't have a timescale but at least one module in design has a timescale.
WARNING: [XSIM 43-4099] "X:/timar/413lab8/413lab8.srcs/sources_1/imports/phu/reg_14bitne.v" Line 1. Module reg_14bitne doesn't have a timescale but at least one module in design has a timescale.
WARNING: [XSIM 43-4099] "X:/timar/413lab8/413lab8.srcs/sources_1/imports/phu/reg_32bitne.v" Line 1. Module reg_32bitne doesn't have a timescale but at least one module in design has a timescale.
WARNING: [XSIM 43-4099] "X:/timar/413lab8/413lab8.srcs/sources_1/imports/phu/reg_32bitne.v" Line 1. Module reg_32bitne doesn't have a timescale but at least one module in design has a timescale.
WARNING: [XSIM 43-4099] "X:/timar/413lab8/413lab8.srcs/sources_1/imports/phu/reg_32bitne.v" Line 1. Module reg_32bitne doesn't have a timescale but at least one module in design has a timescale.
WARNING: [XSIM 43-4099] "X:/timar/413lab8/413lab8.srcs/sources_1/imports/phu/reg_5bitne.v" Line 1. Module reg_5bitne doesn't have a timescale but at least one module in design has a timescale.
WARNING: [XSIM 43-4099] "X:/timar/413lab8/413lab8.srcs/sources_1/imports/phu/reg_5bitne.v" Line 1. Module reg_5bitne doesn't have a timescale but at least one module in design has a timescale.
WARNING: [XSIM 43-4099] "X:/timar/413lab8/413lab8.srcs/sources_1/imports/phu/reg_5bitne.v" Line 1. Module reg_5bitne doesn't have a timescale but at least one module in design has a timescale.
WARNING: [XSIM 43-4099] "X:/timar/413lab8/413lab8.srcs/sources_1/imports/phu/mux2to1.v" Line 1. Module mux2to1 doesn't have a timescale but at least one module in design has a timescale.
WARNING: [XSIM 43-4099] "X:/timar/413lab8/413lab8.srcs/sources_1/imports/phu/alu.v" Line 1. Module alu doesn't have a timescale but at least one module in design has a timescale.
WARNING: [XSIM 43-4099] "X:/timar/413lab8/413lab8.srcs/sources_1/imports/phu/reg_32bit.v" Line 1. Module reg_32bit doesn't have a timescale but at least one module in design has a timescale.
WARNING: [XSIM 43-4099] "X:/timar/413lab8/413lab8.srcs/sources_1/imports/phu/reg_32bit.v" Line 1. Module reg_32bit doesn't have a timescale but at least one module in design has a timescale.
WARNING: [XSIM 43-4099] "X:/timar/413lab8/413lab8.srcs/sources_1/imports/phu/mux3to1_32bit.v" Line 1. Module mux3to1_32bit doesn't have a timescale but at least one module in design has a timescale.
WARNING: [XSIM 43-4099] "X:/timar/413lab8/413lab8.srcs/sources_1/imports/phu/mux2to1_5bit.v" Line 1. Module mux2to1_5bit doesn't have a timescale but at least one module in design has a timescale.
WARNING: [XSIM 43-4099] "X:/timar/413lab8/413lab8.srcs/sources_1/imports/phu/reg_2bitne.v" Line 1. Module reg_2bitne doesn't have a timescale but at least one module in design has a timescale.
WARNING: [XSIM 43-4099] "X:/timar/413lab8/413lab8.srcs/sources_1/imports/phu/reg_2bitne.v" Line 1. Module reg_2bitne doesn't have a timescale but at least one module in design has a timescale.
WARNING: [XSIM 43-4099] "X:/timar/413lab8/413lab8.srcs/sources_1/imports/phu/reg_32bitne.v" Line 1. Module reg_32bitne doesn't have a timescale but at least one module in design has a timescale.
WARNING: [XSIM 43-4099] "X:/timar/413lab8/413lab8.srcs/sources_1/imports/phu/reg_5bitne.v" Line 1. Module reg_5bitne doesn't have a timescale but at least one module in design has a timescale.
WARNING: [XSIM 43-4099] "X:/timar/413lab8/413lab8.srcs/sources_1/imports/phu/reg_32bitne.v" Line 1. Module reg_32bitne doesn't have a timescale but at least one module in design has a timescale.
WARNING: [XSIM 43-4099] "X:/timar/413lab8/413lab8.srcs/sources_1/imports/phu/memory2.v" Line 1. Module memory2 doesn't have a timescale but at least one module in design has a timescale.
WARNING: [XSIM 43-4099] "X:/timar/413lab8/413lab8.srcs/sources_1/imports/phu/reg_2bitne.v" Line 1. Module reg_2bitne doesn't have a timescale but at least one module in design has a timescale.
WARNING: [XSIM 43-4099] "X:/timar/413lab8/413lab8.srcs/sources_1/imports/phu/reg_32bitne.v" Line 1. Module reg_32bitne doesn't have a timescale but at least one module in design has a timescale.
WARNING: [XSIM 43-4099] "X:/timar/413lab8/413lab8.srcs/sources_1/imports/phu/reg_32bitne.v" Line 1. Module reg_32bitne doesn't have a timescale but at least one module in design has a timescale.
WARNING: [XSIM 43-4099] "X:/timar/413lab8/413lab8.srcs/sources_1/imports/phu/reg_5bitne.v" Line 1. Module reg_5bitne doesn't have a timescale but at least one module in design has a timescale.
WARNING: [XSIM 43-4099] "X:/timar/413lab8/413lab8.srcs/sources_1/imports/phu/mux2to1.v" Line 1. Module mux2to1 doesn't have a timescale but at least one module in design has a timescale.
WARNING: [XSIM 43-4099] "X:/timar/413lab8/413lab8.srcs/sources_1/imports/phu/CPU.v" Line 1. Module CPU doesn't have a timescale but at least one module in design has a timescale.
WARNING: [XSIM 43-4099] "X:/timar/413lab8/413lab8.srcs/sources_1/imports/phu/reg_32bit.v" Line 1. Module reg_32bit doesn't have a timescale but at least one module in design has a timescale.
WARNING: [XSIM 43-4099] "X:/timar/413lab8/413lab8.srcs/sources_1/imports/phu/memory2.v" Line 1. Module memory2 doesn't have a timescale but at least one module in design has a timescale.
WARNING: [XSIM 43-4099] "X:/timar/413lab8/413lab8.srcs/sources_1/imports/phu/mux2to1.v" Line 1. Module mux2to1 doesn't have a timescale but at least one module in design has a timescale.
WARNING: [XSIM 43-4099] "X:/timar/413lab8/413lab8.srcs/sources_1/imports/phu/load_in_counter.v" Line 1. Module load_in_counter doesn't have a timescale but at least one module in design has a timescale.
WARNING: [XSIM 43-4099] "X:/timar/413lab8/413lab8.srcs/sources_1/imports/phu/incrementer.v" Line 1. Module incrementer doesn't have a timescale but at least one module in design has a timescale.
WARNING: [XSIM 43-4099] "X:/timar/413lab8/413lab8.srcs/sources_1/imports/phu/mux3to1_32bit.v" Line 1. Module mux3to1_32bit doesn't have a timescale but at least one module in design has a timescale.
WARNING: [XSIM 43-4099] "X:/timar/413lab8/413lab8.srcs/sources_1/imports/phu/reg_32bit.v" Line 1. Module reg_32bit doesn't have a timescale but at least one module in design has a timescale.
WARNING: [XSIM 43-4099] "X:/timar/413lab8/413lab8.srcs/sources_1/imports/phu/reg_32bit.v" Line 1. Module reg_32bit doesn't have a timescale but at least one module in design has a timescale.
WARNING: [XSIM 43-4099] "X:/timar/413lab8/413lab8.srcs/sources_1/imports/phu/hazardunit.v" Line 1. Module hazardunit doesn't have a timescale but at least one module in design has a timescale.
WARNING: [XSIM 43-4099] "X:/timar/413lab8/413lab8.srcs/sources_1/imports/phu/pipecontrol.v" Line 1. Module pipecontrol doesn't have a timescale but at least one module in design has a timescale.
WARNING: [XSIM 43-4099] "X:/timar/413lab8/413lab8.srcs/sources_1/imports/phu/multiplycontrol.v" Line 1. Module multiplycontrol doesn't have a timescale but at least one module in design has a timescale.
WARNING: [XSIM 43-4099] "X:/timar/413lab8/413lab8.srcs/sources_1/imports/phu/stallmux.v" Line 1. Module stallmux doesn't have a timescale but at least one module in design has a timescale.
WARNING: [XSIM 43-4099] "X:/timar/413lab8/413lab8.srcs/sources_1/imports/phu/jumpadd.v" Line 1. Module jumpadd doesn't have a timescale but at least one module in design has a timescale.
WARNING: [XSIM 43-4099] "X:/timar/413lab8/413lab8.srcs/sources_1/imports/phu/mux2to1_1bit.v" Line 1. Module mux2to1_1bit doesn't have a timescale but at least one module in design has a timescale.
WARNING: [XSIM 43-4099] "X:/timar/413lab8/413lab8.srcs/sources_1/imports/phu/RegFile.v" Line 1. Module RegFile doesn't have a timescale but at least one module in design has a timescale.
WARNING: [XSIM 43-4099] "X:/timar/413lab8/413lab8.srcs/sources_1/imports/phu/signextend.v" Line 1. Module signextend doesn't have a timescale but at least one module in design has a timescale.
WARNING: [XSIM 43-4099] "X:/timar/413lab8/413lab8.srcs/sources_1/imports/phu/signextend26.v" Line 1. Module signextend26 doesn't have a timescale but at least one module in design has a timescale.
WARNING: [XSIM 43-4099] "X:/timar/413lab8/413lab8.srcs/sources_1/imports/phu/alucontrol.v" Line 1. Module alucontrol doesn't have a timescale but at least one module in design has a timescale.
WARNING: [XSIM 43-4099] "X:/timar/413lab8/413lab8.srcs/sources_1/imports/phu/reg_2bitne.v" Line 1. Module reg_2bitne doesn't have a timescale but at least one module in design has a timescale.
WARNING: [XSIM 43-4099] "X:/timar/413lab8/413lab8.srcs/sources_1/imports/phu/reg_2bitne.v" Line 1. Module reg_2bitne doesn't have a timescale but at least one module in design has a timescale.
WARNING: [XSIM 43-4099] "X:/timar/413lab8/413lab8.srcs/sources_1/imports/phu/reg_14bitne.v" Line 1. Module reg_14bitne doesn't have a timescale but at least one module in design has a timescale.
WARNING: [XSIM 43-4099] "X:/timar/413lab8/413lab8.srcs/sources_1/imports/phu/reg_32bitne.v" Line 1. Module reg_32bitne doesn't have a timescale but at least one module in design has a timescale.
WARNING: [XSIM 43-4099] "X:/timar/413lab8/413lab8.srcs/sources_1/imports/phu/reg_32bitne.v" Line 1. Module reg_32bitne doesn't have a timescale but at least one module in design has a timescale.
WARNING: [XSIM 43-4099] "X:/timar/413lab8/413lab8.srcs/sources_1/imports/phu/reg_32bitne.v" Line 1. Module reg_32bitne doesn't have a timescale but at least one module in design has a timescale.
WARNING: [XSIM 43-4099] "X:/timar/413lab8/413lab8.srcs/sources_1/imports/phu/reg_5bitne.v" Line 1. Module reg_5bitne doesn't have a timescale but at least one module in design has a timescale.
WARNING: [XSIM 43-4099] "X:/timar/413lab8/413lab8.srcs/sources_1/imports/phu/reg_5bitne.v" Line 1. Module reg_5bitne doesn't have a timescale but at least one module in design has a timescale.
WARNING: [XSIM 43-4099] "X:/timar/413lab8/413lab8.srcs/sources_1/imports/phu/reg_5bitne.v" Line 1. Module reg_5bitne doesn't have a timescale but at least one module in design has a timescale.
WARNING: [XSIM 43-4099] "X:/timar/413lab8/413lab8.srcs/sources_1/imports/phu/mux2to1.v" Line 1. Module mux2to1 doesn't have a timescale but at least one module in design has a timescale.
WARNING: [XSIM 43-4099] "X:/timar/413lab8/413lab8.srcs/sources_1/imports/phu/alu.v" Line 1. Module alu doesn't have a timescale but at least one module in design has a timescale.
WARNING: [XSIM 43-4099] "X:/timar/413lab8/413lab8.srcs/sources_1/imports/phu/reg_32bit.v" Line 1. Module reg_32bit doesn't have a timescale but at least one module in design has a timescale.
WARNING: [XSIM 43-4099] "X:/timar/413lab8/413lab8.srcs/sources_1/imports/phu/reg_32bit.v" Line 1. Module reg_32bit doesn't have a timescale but at least one module in design has a timescale.
WARNING: [XSIM 43-4099] "X:/timar/413lab8/413lab8.srcs/sources_1/imports/phu/mux3to1_32bit.v" Line 1. Module mux3to1_32bit doesn't have a timescale but at least one module in design has a timescale.
WARNING: [XSIM 43-4099] "X:/timar/413lab8/413lab8.srcs/sources_1/imports/phu/mux2to1_5bit.v" Line 1. Module mux2to1_5bit doesn't have a timescale but at least one module in design has a timescale.
WARNING: [XSIM 43-4099] "X:/timar/413lab8/413lab8.srcs/sources_1/imports/phu/reg_2bitne.v" Line 1. Module reg_2bitne doesn't have a timescale but at least one module in design has a timescale.
WARNING: [XSIM 43-4099] "X:/timar/413lab8/413lab8.srcs/sources_1/imports/phu/reg_2bitne.v" Line 1. Module reg_2bitne doesn't have a timescale but at least one module in design has a timescale.
WARNING: [XSIM 43-4099] "X:/timar/413lab8/413lab8.srcs/sources_1/imports/phu/reg_32bitne.v" Line 1. Module reg_32bitne doesn't have a timescale but at least one module in design has a timescale.
WARNING: [XSIM 43-4099] "X:/timar/413lab8/413lab8.srcs/sources_1/imports/phu/reg_5bitne.v" Line 1. Module reg_5bitne doesn't have a timescale but at least one module in design has a timescale.
WARNING: [XSIM 43-4099] "X:/timar/413lab8/413lab8.srcs/sources_1/imports/phu/reg_32bitne.v" Line 1. Module reg_32bitne doesn't have a timescale but at least one module in design has a timescale.
WARNING: [XSIM 43-4099] "X:/timar/413lab8/413lab8.srcs/sources_1/imports/phu/memory2.v" Line 1. Module memory2 doesn't have a timescale but at least one module in design has a timescale.
WARNING: [XSIM 43-4099] "X:/timar/413lab8/413lab8.srcs/sources_1/imports/phu/reg_2bitne.v" Line 1. Module reg_2bitne doesn't have a timescale but at least one module in design has a timescale.
WARNING: [XSIM 43-4099] "X:/timar/413lab8/413lab8.srcs/sources_1/imports/phu/reg_32bitne.v" Line 1. Module reg_32bitne doesn't have a timescale but at least one module in design has a timescale.
WARNING: [XSIM 43-4099] "X:/timar/413lab8/413lab8.srcs/sources_1/imports/phu/reg_32bitne.v" Line 1. Module reg_32bitne doesn't have a timescale but at least one module in design has a timescale.
WARNING: [XSIM 43-4099] "X:/timar/413lab8/413lab8.srcs/sources_1/imports/phu/reg_5bitne.v" Line 1. Module reg_5bitne doesn't have a timescale but at least one module in design has a timescale.
WARNING: [XSIM 43-4099] "X:/timar/413lab8/413lab8.srcs/sources_1/imports/phu/mux2to1.v" Line 1. Module mux2to1 doesn't have a timescale but at least one module in design has a timescale.
Completed simulation data flow analysis
Time Resolution for simulation is 1ps
Compiling module xil_defaultlib.reg_32bit
Compiling module xil_defaultlib.memory2
Compiling module xil_defaultlib.mux2to1
Compiling module xil_defaultlib.load_in_counter
Compiling module xil_defaultlib.incrementer
Compiling module xil_defaultlib.mux3to1_32bit
Compiling module xil_defaultlib.hazardunit
Compiling module xil_defaultlib.pipecontrol
Compiling module xil_defaultlib.multiplycontrol
Compiling module xil_defaultlib.stallmux
Compiling module xil_defaultlib.jumpadd
Compiling module xil_defaultlib.mux2to1_1bit
Compiling module xil_defaultlib.RegFile
Compiling module xil_defaultlib.signextend
Compiling module xil_defaultlib.signextend26
Compiling module xil_defaultlib.alucontrol
Compiling module xil_defaultlib.reg_2bitne
Compiling module xil_defaultlib.reg_14bitne
Compiling module xil_defaultlib.reg_32bitne
Compiling module xil_defaultlib.reg_5bitne
Compiling module xil_defaultlib.alu
Compiling module xil_defaultlib.mux2to1_5bit
Compiling module xil_defaultlib.CPU
Compiling module xil_defaultlib.CPU_tb
Compiling module xil_defaultlib.glbl
Built simulation snapshot CPU_tb_behav
