
*** Running vivado
    with args -log Pipeliner.vds -m64 -product Vivado -mode batch -messageDb vivado.pb -notrace -source Pipeliner.tcl



****** Vivado v2024.1 (64-bit)
  **** SW Build 5076996 on Wed May 22 18:37:14 MDT 2024
  **** IP Build 5075265 on Wed May 22 21:45:21 MDT 2024
  **** SharedData Build 5076995 on Wed May 22 18:29:18 MDT 2024
  **** Start of session at: Wed Mar 25 12:51:46 2026
    ** Copyright 1986-2022 Xilinx, Inc. All Rights Reserved.
    ** Copyright 2022-2024 Advanced Micro Devices, Inc. All Rights Reserved.

source Pipeliner.tcl -notrace
create_project: Time (s): cpu = 00:00:08 ; elapsed = 00:00:09 . Memory (MB): peak = 617.754 ; gain = 199.508
Command: read_checkpoint -auto_incremental -incremental X:/timar/413lab6X/413lab6X.srcs/utils_1/imports/synth_1/Pipeline.dcp
INFO: [Vivado 12-5825] Read reference checkpoint from X:/timar/413lab6X/413lab6X.srcs/utils_1/imports/synth_1/Pipeline.dcp for incremental synthesis
INFO: [Vivado 12-7989] Please ensure there are no constraint changes
Command: synth_design -top Pipeliner -part xc7a100tcsg324-1
Starting synth_design
Attempting to get a license for feature 'Synthesis' and/or device 'xc7a100t'
INFO: [Common 17-349] Got license for feature 'Synthesis' and/or device 'xc7a100t'
INFO: [Designutils 20-5440] No compile time benefit to using incremental synthesis; A full resynthesis will be run
INFO: [Designutils 20-4379] Flow is switching to default flow due to incremental criteria not met. If you would like to alter this behaviour and have the flow terminate instead, please set the following parameter config_implementation {autoIncr.Synth.RejectBehavior Terminate}
INFO: [Synth 8-7079] Multithreading enabled for synth_design using a maximum of 2 processes.
INFO: [Synth 8-7078] Launching helper process for spawning children vivado processes
INFO: [Synth 8-7075] Helper process launched with PID 18912
---------------------------------------------------------------------------------
Starting Synthesize : Time (s): cpu = 00:00:06 ; elapsed = 00:00:07 . Memory (MB): peak = 1078.680 ; gain = 449.965
---------------------------------------------------------------------------------
INFO: [Synth 8-11241] undeclared symbol 'S3_WriteSelect', assumed default net type 'wire' [X:/timar/413lab6X/413lab6X.srcs/sources_1/Pipeliner.v:38]
INFO: [Synth 8-6157] synthesizing module 'Pipeliner' [X:/timar/413lab6X/413lab6X.srcs/sources_1/Pipeliner.v:1]
INFO: [Synth 8-6157] synthesizing module 'S1_Register' [X:/timar/413lab6X/413lab6X.srcs/sources_1/S1_Register.v:22]
INFO: [Synth 8-6155] done synthesizing module 'S1_Register' (0#1) [X:/timar/413lab6X/413lab6X.srcs/sources_1/S1_Register.v:22]
INFO: [Synth 8-6157] synthesizing module 'nbit_register_file' [X:/timar/413lab6X/413lab6X.srcs/sources_1/nbit_register_file.v:5]
INFO: [Synth 8-6155] done synthesizing module 'nbit_register_file' (0#1) [X:/timar/413lab6X/413lab6X.srcs/sources_1/nbit_register_file.v:5]
WARNING: [Synth 8-689] width (1) of port connection 'write_address' does not match port width (5) of module 'nbit_register_file' [X:/timar/413lab6X/413lab6X.srcs/sources_1/Pipeliner.v:38]
INFO: [Synth 8-6157] synthesizing module 'S2_Register' [X:/timar/413lab6X/413lab6X.srcs/sources_1/S2_Register.v:21]
INFO: [Synth 8-6155] done synthesizing module 'S2_Register' (0#1) [X:/timar/413lab6X/413lab6X.srcs/sources_1/S2_Register.v:21]
INFO: [Synth 8-6157] synthesizing module 'MUX' [X:/timar/413lab6X/413lab6X.srcs/sources_1/MUX.v:3]
INFO: [Synth 8-6155] done synthesizing module 'MUX' (0#1) [X:/timar/413lab6X/413lab6X.srcs/sources_1/MUX.v:3]
INFO: [Synth 8-6157] synthesizing module 'ALU' [X:/timar/413lab6X/413lab6X.srcs/sources_1/ALU.v:3]
INFO: [Synth 8-6155] done synthesizing module 'ALU' (0#1) [X:/timar/413lab6X/413lab6X.srcs/sources_1/ALU.v:3]
INFO: [Synth 8-6157] synthesizing module 'S3_Register' [X:/timar/413lab6X/413lab6X.srcs/sources_1/S3_Register.v:2]
INFO: [Synth 8-6155] done synthesizing module 'S3_Register' (0#1) [X:/timar/413lab6X/413lab6X.srcs/sources_1/S3_Register.v:2]
WARNING: [Synth 8-689] width (1) of port connection 'S3_WriteSelect' does not match port width (5) of module 'S3_Register' [X:/timar/413lab6X/413lab6X.srcs/sources_1/Pipeliner.v:82]
INFO: [Synth 8-6155] done synthesizing module 'Pipeliner' (0#1) [X:/timar/413lab6X/413lab6X.srcs/sources_1/Pipeliner.v:1]
WARNING: [Synth 8-7129] Port InstrIn[31] in module S1_Register is either unconnected or has no load
WARNING: [Synth 8-7129] Port InstrIn[30] in module S1_Register is either unconnected or has no load
---------------------------------------------------------------------------------
Finished Synthesize : Time (s): cpu = 00:00:08 ; elapsed = 00:00:09 . Memory (MB): peak = 1188.152 ; gain = 559.438
---------------------------------------------------------------------------------
---------------------------------------------------------------------------------
Finished Constraint Validation : Time (s): cpu = 00:00:09 ; elapsed = 00:00:10 . Memory (MB): peak = 1188.152 ; gain = 559.438
---------------------------------------------------------------------------------
---------------------------------------------------------------------------------
Start Loading Part and Timing Information
---------------------------------------------------------------------------------
Loading part: xc7a100tcsg324-1
---------------------------------------------------------------------------------
Finished Loading Part and Timing Information : Time (s): cpu = 00:00:09 ; elapsed = 00:00:10 . Memory (MB): peak = 1188.152 ; gain = 559.438
---------------------------------------------------------------------------------
INFO: [Device 21-403] Loading part xc7a100tcsg324-1
---------------------------------------------------------------------------------
Finished RTL Optimization Phase 2 : Time (s): cpu = 00:00:10 ; elapsed = 00:00:11 . Memory (MB): peak = 1190.363 ; gain = 561.648
---------------------------------------------------------------------------------
No constraint files found.
---------------------------------------------------------------------------------
Start RTL Component Statistics 
---------------------------------------------------------------------------------
Detailed RTL Component Info : 
+---Adders : 
	   3 Input   32 Bit       Adders := 1     
	   2 Input   32 Bit       Adders := 1     
+---Registers : 
	               32 Bit    Registers := 4     
	               16 Bit    Registers := 1     
	                5 Bit    Registers := 5     
	                3 Bit    Registers := 2     
	                1 Bit    Registers := 5     
+---Muxes : 
	   2 Input   32 Bit        Muxes := 1     
---------------------------------------------------------------------------------
Finished RTL Component Statistics 
---------------------------------------------------------------------------------
---------------------------------------------------------------------------------
Start Part Resource Summary
---------------------------------------------------------------------------------
INFO: [Device 21-9227] Part: xc7a100tcsg324-1 does not have CEAM library.
Part Resources:
DSPs: 240 (col length:80)
BRAMs: 270 (col length: RAMB18 80 RAMB36 40)
---------------------------------------------------------------------------------
Finished Part Resource Summary
---------------------------------------------------------------------------------
No constraint files found.
---------------------------------------------------------------------------------
Start Cross Boundary and Area Optimization
---------------------------------------------------------------------------------
WARNING: [Synth 8-7080] Parallel synthesis criteria is not met
WARNING: [Synth 8-7129] Port InstrIn[31] in module Pipeliner is either unconnected or has no load
WARNING: [Synth 8-7129] Port InstrIn[30] in module Pipeliner is either unconnected or has no load
---------------------------------------------------------------------------------
Finished Cross Boundary and Area Optimization : Time (s): cpu = 00:00:16 ; elapsed = 00:00:18 . Memory (MB): peak = 1397.309 ; gain = 768.594
---------------------------------------------------------------------------------
---------------------------------------------------------------------------------
Start ROM, RAM, DSP, Shift Register and Retiming Reporting
---------------------------------------------------------------------------------

Distributed RAM: Preliminary Mapping Report (see note below)
+------------+---------------------------------+-----------+----------------------+--------------+
|Module Name | RTL Object                      | Inference | Size (Depth x Width) | Primitives   | 
+------------+---------------------------------+-----------+----------------------+--------------+
|Pipeliner   | Register_File/register_file_reg | Implied   | 2 x 32               | RAM32M x 12  | 
+------------+---------------------------------+-----------+----------------------+--------------+

Note: The table above is a preliminary report that shows the Distributed RAMs at the current stage of the synthesis flow. Some Distributed RAMs may be reimplemented as non Distributed RAM primitives later in the synthesis flow. Multiple instantiated RAMs are reported only once.
---------------------------------------------------------------------------------
Finished ROM, RAM, DSP, Shift Register and Retiming Reporting
---------------------------------------------------------------------------------
No constraint files found.
---------------------------------------------------------------------------------
Start Timing Optimization
---------------------------------------------------------------------------------
---------------------------------------------------------------------------------
Finished Timing Optimization : Time (s): cpu = 00:00:16 ; elapsed = 00:00:18 . Memory (MB): peak = 1397.309 ; gain = 768.594
---------------------------------------------------------------------------------
---------------------------------------------------------------------------------
Start ROM, RAM, DSP, Shift Register and Retiming Reporting
---------------------------------------------------------------------------------

Distributed RAM: Final Mapping Report
+------------+---------------------------------+-----------+----------------------+--------------+
|Module Name | RTL Object                      | Inference | Size (Depth x Width) | Primitives   | 
+------------+---------------------------------+-----------+----------------------+--------------+
|Pipeliner   | Register_File/register_file_reg | Implied   | 2 x 32               | RAM32M x 12  | 
+------------+---------------------------------+-----------+----------------------+--------------+

---------------------------------------------------------------------------------
Finished ROM, RAM, DSP, Shift Register and Retiming Reporting
---------------------------------------------------------------------------------
---------------------------------------------------------------------------------
Start Technology Mapping
---------------------------------------------------------------------------------
---------------------------------------------------------------------------------
Finished Technology Mapping : Time (s): cpu = 00:00:16 ; elapsed = 00:00:19 . Memory (MB): peak = 1397.309 ; gain = 768.594
---------------------------------------------------------------------------------
---------------------------------------------------------------------------------
Start IO Insertion
---------------------------------------------------------------------------------
---------------------------------------------------------------------------------
Start Flattening Before IO Insertion
---------------------------------------------------------------------------------
---------------------------------------------------------------------------------
Finished Flattening Before IO Insertion
---------------------------------------------------------------------------------
---------------------------------------------------------------------------------
Start Final Netlist Cleanup
---------------------------------------------------------------------------------
---------------------------------------------------------------------------------
Finished Final Netlist Cleanup
---------------------------------------------------------------------------------
---------------------------------------------------------------------------------
Finished IO Insertion : Time (s): cpu = 00:00:22 ; elapsed = 00:00:25 . Memory (MB): peak = 1397.309 ; gain = 768.594
---------------------------------------------------------------------------------
---------------------------------------------------------------------------------
Start Renaming Generated Instances
---------------------------------------------------------------------------------
---------------------------------------------------------------------------------
Finished Renaming Generated Instances : Time (s): cpu = 00:00:22 ; elapsed = 00:00:25 . Memory (MB): peak = 1397.309 ; gain = 768.594
---------------------------------------------------------------------------------
---------------------------------------------------------------------------------
Start Rebuilding User Hierarchy
---------------------------------------------------------------------------------
---------------------------------------------------------------------------------
Finished Rebuilding User Hierarchy : Time (s): cpu = 00:00:22 ; elapsed = 00:00:25 . Memory (MB): peak = 1397.309 ; gain = 768.594
---------------------------------------------------------------------------------
---------------------------------------------------------------------------------
Start Renaming Generated Ports
---------------------------------------------------------------------------------
---------------------------------------------------------------------------------
Finished Renaming Generated Ports : Time (s): cpu = 00:00:22 ; elapsed = 00:00:25 . Memory (MB): peak = 1397.309 ; gain = 768.594
---------------------------------------------------------------------------------
---------------------------------------------------------------------------------
Start Handling Custom Attributes
---------------------------------------------------------------------------------
---------------------------------------------------------------------------------
Finished Handling Custom Attributes : Time (s): cpu = 00:00:22 ; elapsed = 00:00:25 . Memory (MB): peak = 1397.309 ; gain = 768.594
---------------------------------------------------------------------------------
---------------------------------------------------------------------------------
Start Renaming Generated Nets
---------------------------------------------------------------------------------
---------------------------------------------------------------------------------
Finished Renaming Generated Nets : Time (s): cpu = 00:00:22 ; elapsed = 00:00:25 . Memory (MB): peak = 1397.309 ; gain = 768.594
---------------------------------------------------------------------------------
---------------------------------------------------------------------------------
Start Writing Synthesis Report
---------------------------------------------------------------------------------

Report BlackBoxes: 
+-+--------------+----------+
| |BlackBox name |Instances |
+-+--------------+----------+
+-+--------------+----------+

Report Cell Usage: 
+------+---------+------+
|      |Cell     |Count |
+------+---------+------+
|1     |BUFG     |     1|
|2     |CARRY4   |    20|
|3     |LUT3     |     2|
|4     |LUT4     |    72|
|5     |LUT5     |    40|
|6     |LUT6     |    64|
|7     |MUXF7    |    32|
|8     |RAM32M   |    10|
|9     |RAM32X1D |     4|
|10    |FDRE     |   147|
|11    |IBUF     |    28|
|12    |OBUF     |    32|
+------+---------+------+

Report Instance Areas: 
+------+----------------+-------------------+------+
|      |Instance        |Module             |Cells |
+------+----------------+-------------------+------+
|1     |top             |                   |   452|
|2     |  bigbrain      |ALU                |    20|
|3     |  Register_File |nbit_register_file |    14|
|4     |  s1            |S1_Register        |    27|
|5     |  s2            |S2_Register        |   296|
|6     |  s3            |S3_Register        |    34|
+------+----------------+-------------------+------+
---------------------------------------------------------------------------------
Finished Writing Synthesis Report : Time (s): cpu = 00:00:22 ; elapsed = 00:00:25 . Memory (MB): peak = 1397.309 ; gain = 768.594
---------------------------------------------------------------------------------
Synthesis finished with 0 errors, 0 critical warnings and 7 warnings.
Synthesis Optimization Runtime : Time (s): cpu = 00:00:22 ; elapsed = 00:00:25 . Memory (MB): peak = 1397.309 ; gain = 768.594
Synthesis Optimization Complete : Time (s): cpu = 00:00:22 ; elapsed = 00:00:25 . Memory (MB): peak = 1397.309 ; gain = 768.594
INFO: [Project 1-571] Translating synthesized netlist
Netlist sorting complete. Time (s): cpu = 00:00:00 ; elapsed = 00:00:00.015 . Memory (MB): peak = 1405.219 ; gain = 0.000
INFO: [Netlist 29-17] Analyzing 66 Unisim elements for replacement
INFO: [Netlist 29-28] Unisim Transformation completed in 0 CPU seconds
INFO: [Project 1-570] Preparing netlist for logic optimization
INFO: [Opt 31-138] Pushed 0 inverter(s) to 0 load pin(s).
Netlist sorting complete. Time (s): cpu = 00:00:00 ; elapsed = 00:00:00 . Memory (MB): peak = 1503.520 ; gain = 0.000
INFO: [Project 1-111] Unisim Transformation Summary:
  A total of 14 instances were transformed.
  RAM32M => RAM32M (RAMD32(x6), RAMS32(x2)): 10 instances
  RAM32X1D => RAM32X1D (RAMD32(x2)): 4 instances

Synth Design complete | Checksum: d0fe076b
INFO: [Common 17-83] Releasing license: Synthesis
32 Infos, 7 Warnings, 0 Critical Warnings and 0 Errors encountered.
synth_design completed successfully
synth_design: Time (s): cpu = 00:00:25 ; elapsed = 00:00:27 . Memory (MB): peak = 1503.520 ; gain = 881.109
Write ShapeDB Complete: Time (s): cpu = 00:00:00 ; elapsed = 00:00:00.011 . Memory (MB): peak = 1503.520 ; gain = 0.000
INFO: [Common 17-1381] The checkpoint 'X:/timar/413lab6X/413lab6X.runs/synth_1/Pipeliner.dcp' has been generated.
INFO: [Vivado 12-24828] Executing command : report_utilization -file Pipeliner_utilization_synth.rpt -pb Pipeliner_utilization_synth.pb
INFO: [Common 17-206] Exiting Vivado at Wed Mar 25 12:52:28 2026...
